2021-06-19 22:06:602 INFO  BasePage :31 - Launching Chrome Browser 
2021-06-19 22:06:31 INFO  HomePage :56 - Clicking on computer link : [[ChromeDriver: chrome on WINDOWS (41d72246cd5da721906db6198907a4ca)] -> link text: Computers]
2021-06-19 22:06:118 INFO  HomePage :36 - Click on deskTop  link : [[ChromeDriver: chrome on WINDOWS (41d72246cd5da721906db6198907a4ca)] -> link text: Desktops]
2021-06-19 22:06:183 INFO  HomePage :55 - verify deskTop text : [[ChromeDriver: chrome on WINDOWS (41d72246cd5da721906db6198907a4ca)] -> xpath: //h1[contains(text(),'Desktops')]]
2021-06-19 23:06:859 INFO  BasePage :31 - Launching Chrome Browser 
2021-06-19 23:06:236 INFO  HomePage :44 - Clicking on login link : [[ChromeDriver: chrome on WINDOWS (465c2f07373eeb3d4ce1c6cf61b467ac)] -> link text: Log in]
2021-06-19 23:06:337 INFO  LoginPage :48 - Getting text from : [[ChromeDriver: chrome on WINDOWS (465c2f07373eeb3d4ce1c6cf61b467ac)] -> xpath: //div[@class='page-title']//h1]
2021-06-20 11:06:953 INFO  BasePage :31 - Launching Chrome Browser 
2021-06-20 11:06:743 INFO  HomePage :44 - Clicking on login link : [[ChromeDriver: chrome on WINDOWS (170890bb33a2b3def197b6307c7131be)] -> link text: Log in]
2021-06-20 11:06:349 INFO  LoginPage :34 - Entering email address : kelly.paul@yahoo.com to email field : [[ChromeDriver: chrome on WINDOWS (170890bb33a2b3def197b6307c7131be)] -> id: Email]
2021-06-20 11:06:519 INFO  LoginPage :40 - Entering password : Abc1234 to password field : [[ChromeDriver: chrome on WINDOWS (170890bb33a2b3def197b6307c7131be)] -> id: Password]
2021-06-20 11:06:110 INFO  BasePage :31 - Launching Chrome Browser 
2021-06-20 11:06:498 INFO  HomePage :44 - Clicking on login link : [[ChromeDriver: chrome on WINDOWS (3f31cda6242885b72312fd82951c1857)] -> link text: Log in]
2021-06-20 11:06:336 INFO  LoginPage :34 - Entering email address : kelly.paul@yahoo.com to email field : [[ChromeDriver: chrome on WINDOWS (3f31cda6242885b72312fd82951c1857)] -> id: Email]
2021-06-20 11:06:517 INFO  LoginPage :40 - Entering password : Abc1234 to password field : [[ChromeDriver: chrome on WINDOWS (3f31cda6242885b72312fd82951c1857)] -> id: Password]
2021-06-20 11:06:659 INFO  BasePage :31 - Launching Chrome Browser 
2021-06-20 11:06:553 INFO  HomePage :44 - Clicking on login link : [[ChromeDriver: chrome on WINDOWS (098ad64302bca2fe999dddd4ac2eface)] -> link text: Log in]
2021-06-20 11:06:437 INFO  LoginPage :34 - Entering email address : kelly.paul@yahoo.com to email field : [[ChromeDriver: chrome on WINDOWS (098ad64302bca2fe999dddd4ac2eface)] -> id: Email]
2021-06-20 11:06:695 INFO  LoginPage :40 - Entering password : Abc1234 to password field : [[ChromeDriver: chrome on WINDOWS (098ad64302bca2fe999dddd4ac2eface)] -> id: Password]
2021-06-20 11:06:960 INFO  BasePage :31 - Launching Chrome Browser 
2021-06-20 11:06:860 INFO  HomePage :44 - Clicking on login link : [[ChromeDriver: chrome on WINDOWS (7bebe3f3b8858e981909ae383a7ab04b)] -> link text: Log in]
2021-06-20 11:06:315 INFO  LoginPage :35 - Entering email address : kelly.paul@yahoo.com to email field : [[ChromeDriver: chrome on WINDOWS (7bebe3f3b8858e981909ae383a7ab04b)] -> id: Email]
2021-06-20 11:06:520 INFO  LoginPage :41 - Entering password : Abc1234 to password field : [[ChromeDriver: chrome on WINDOWS (7bebe3f3b8858e981909ae383a7ab04b)] -> id: Password]
2021-06-20 11:06:174 INFO  BasePage :31 - Launching Chrome Browser 
2021-06-20 11:06:477 INFO  HomePage :44 - Clicking on login link : [[ChromeDriver: chrome on WINDOWS (d7e7d9074a0f69f0928eaa53624c14b8)] -> link text: Log in]
2021-06-20 11:06:287 INFO  LoginPage :35 - Entering email address : kelly.paul@yahoo.com to email field : [[ChromeDriver: chrome on WINDOWS (d7e7d9074a0f69f0928eaa53624c14b8)] -> id: Email]
2021-06-20 11:06:517 INFO  LoginPage :41 - Entering password : Abc1234 to password field : [[ChromeDriver: chrome on WINDOWS (d7e7d9074a0f69f0928eaa53624c14b8)] -> id: Password]
2021-06-20 11:06:111 INFO  BasePage :31 - Launching Chrome Browser 
2021-06-20 11:06:820 INFO  HomePage :44 - Clicking on login link : [[ChromeDriver: chrome on WINDOWS (b73a69bd2491214d13bcea64f315c8e1)] -> link text: Log in]
2021-06-20 11:06:968 INFO  LoginPage :35 - Entering email address : kelly.paul@yahoo.com to email field : [[ChromeDriver: chrome on WINDOWS (b73a69bd2491214d13bcea64f315c8e1)] -> id: Email]
2021-06-20 11:06:323 INFO  LoginPage :41 - Entering password : Abc1234 to password field : [[ChromeDriver: chrome on WINDOWS (b73a69bd2491214d13bcea64f315c8e1)] -> id: Password]
2021-06-20 11:06:973 INFO  BasePage :31 - Launching Chrome Browser 
2021-06-20 11:06:226 INFO  HomePage :44 - Clicking on login link : [[ChromeDriver: chrome on WINDOWS (dbb226815d19056fb67c74278894c506)] -> link text: Log in]
2021-06-20 11:06:205 INFO  LoginPage :35 - Entering email address : kelly.paul@yahoo.com to email field : [[ChromeDriver: chrome on WINDOWS (dbb226815d19056fb67c74278894c506)] -> id: Email]
2021-06-20 11:06:447 INFO  LoginPage :41 - Entering password : Abc1234 to password field : [[ChromeDriver: chrome on WINDOWS (dbb226815d19056fb67c74278894c506)] -> id: Password]
2021-06-20 11:06:149 INFO  LoginPage :47 - Clicking on login button : [[ChromeDriver: chrome on WINDOWS (dbb226815d19056fb67c74278894c506)] -> xpath: //button[contains(text(),'Log in')]]
2021-06-20 11:06:205 INFO  LoginPage :59 - Getting error text from : [[ChromeDriver: chrome on WINDOWS (dbb226815d19056fb67c74278894c506)] -> css selector: div.master-wrapper-page:nth-child(6) div.master-wrapper-content div.master-column-wrapper div.center-1 div.page.login-page div.page-body div.customer-blocks div.returning-wrapper.fieldset form:nth-child(1) > div.message-error.validation-summary-errors:nth-child(1)]
2021-06-20 12:06:644 INFO  BasePage :31 - Launching Chrome Browser 
2021-06-20 12:06:276 INFO  RegisterPage :24 - Click on register button : [[ChromeDriver: chrome on WINDOWS (13618c123ac120a8700e3391bf4505d3)] -> xpath: //a[contains(text(),'Register')]]
2021-06-20 12:06:58 INFO  BasePage :31 - Launching Chrome Browser 
2021-06-20 12:06:924 INFO  RegisterPage :24 - Click on register button : [[ChromeDriver: chrome on WINDOWS (64b30d8f7e2d64e414c29affabbcb33c)] -> xpath: //a[contains(text(),'Register')]]
2021-06-20 12:06:954 INFO  BasePage :31 - Launching Chrome Browser 
2021-06-20 12:06:720 INFO  HomePage :50 - Clicking on login link : [[ChromeDriver: chrome on WINDOWS (94690f47b23bf47fa567099f5bdd5f8f)] -> xpath: //a[@class='ico-register']]
2021-06-20 12:06:572 INFO  RegisterPage :44 - Click on register button : [[ChromeDriver: chrome on WINDOWS (94690f47b23bf47fa567099f5bdd5f8f)] -> xpath: //button[@id='register-button']]
2021-06-20 12:06:679 INFO  RegisterPage :55 - Getting text from : [[ChromeDriver: chrome on WINDOWS (94690f47b23bf47fa567099f5bdd5f8f)] -> xpath: //span[@id='FirstName-error']]
2021-06-20 12:06:930 INFO  BasePage :31 - Launching Chrome Browser 
2021-06-20 12:06:734 INFO  HomePage :50 - Clicking on login link : [[ChromeDriver: chrome on WINDOWS (c543955717bd7c21381c63c56966d7f3)] -> xpath: //a[@class='ico-register']]
2021-06-20 12:06:213 INFO  RegisterPage :63 - Entering  confirmed password : [[ChromeDriver: chrome on WINDOWS (c543955717bd7c21381c63c56966d7f3)] -> xpath: //input[@id='FirstName']] to first name  field : [[ChromeDriver: chrome on WINDOWS (c543955717bd7c21381c63c56966d7f3)] -> xpath: //input[@id='FirstName']]
2021-06-20 12:06:525 INFO  RegisterPage :70 - Enter  last name password : [[ChromeDriver: chrome on WINDOWS (c543955717bd7c21381c63c56966d7f3)] -> xpath: //input[@id='LastName']] to Last Name field : [[ChromeDriver: chrome on WINDOWS (c543955717bd7c21381c63c56966d7f3)] -> xpath: //input[@id='LastName']]
2021-06-20 12:06:821 INFO  LoginPage :35 - Entering email address : kelly.paul792@yahoo.com to email field : [[ChromeDriver: chrome on WINDOWS (c543955717bd7c21381c63c56966d7f3)] -> id: Email]
2021-06-20 12:06:96 INFO  LoginPage :41 - Entering password : abc1234 to password field : [[ChromeDriver: chrome on WINDOWS (c543955717bd7c21381c63c56966d7f3)] -> id: Password]
2021-06-20 12:06:464 INFO  RegisterPage :50 - Entering  confirmed password : abc1234 to confirmed password field : [[ChromeDriver: chrome on WINDOWS (c543955717bd7c21381c63c56966d7f3)] -> xpath: //input[@id='ConfirmPassword']]
2021-06-20 12:06:683 INFO  RegisterPage :44 - Click on register button : Proxy element for: DefaultElementLocator 'By.xpath: //button[@id='register-button']'
2021-06-20 13:06:379 INFO  BasePage :31 - Launching Chrome Browser 
2021-06-20 13:06:348 INFO  HomePage :50 - Clicking on login link : [[ChromeDriver: chrome on WINDOWS (a72d2107e3bc409343f3660afcf5a6af)] -> xpath: //a[@class='ico-register']]
2021-06-20 13:06:803 INFO  RegisterPage :66 - Entering  confirmed password : [[ChromeDriver: chrome on WINDOWS (a72d2107e3bc409343f3660afcf5a6af)] -> xpath: //input[@id='FirstName']] to first name  field : [[ChromeDriver: chrome on WINDOWS (a72d2107e3bc409343f3660afcf5a6af)] -> xpath: //input[@id='FirstName']]
2021-06-20 13:06:228 INFO  RegisterPage :73 - Enter  last name password : [[ChromeDriver: chrome on WINDOWS (a72d2107e3bc409343f3660afcf5a6af)] -> xpath: //input[@id='LastName']] to Last Name field : [[ChromeDriver: chrome on WINDOWS (a72d2107e3bc409343f3660afcf5a6af)] -> xpath: //input[@id='LastName']]
2021-06-20 13:06:682 INFO  LoginPage :38 - Entering email address : kelly.paul696@yahoo.com to email field : [[ChromeDriver: chrome on WINDOWS (a72d2107e3bc409343f3660afcf5a6af)] -> id: Email]
2021-06-20 13:06:77 INFO  LoginPage :44 - Entering password : abc1234 to password field : [[ChromeDriver: chrome on WINDOWS (a72d2107e3bc409343f3660afcf5a6af)] -> id: Password]
2021-06-20 13:06:304 INFO  RegisterPage :53 - Entering  confirmed password : abc1234 to confirmed password field : [[ChromeDriver: chrome on WINDOWS (a72d2107e3bc409343f3660afcf5a6af)] -> xpath: //input[@id='ConfirmPassword']]
2021-06-20 13:06:856 INFO  RegisterPage :47 - Click on register button : Proxy element for: DefaultElementLocator 'By.xpath: //button[@id='register-button']'
2021-06-20 13:06:716 INFO  LoginPage :68 - click on log out button : Proxy element for: DefaultElementLocator 'By.xpath: //a[contains(text(),'Log out')]'
2021-06-20 13:06:413 INFO  HomePage :44 - Clicking on login link : [[ChromeDriver: chrome on WINDOWS (a72d2107e3bc409343f3660afcf5a6af)] -> link text: Log in]
2021-06-20 13:06:149 INFO  LoginPage :38 - Entering email address : kelly.paul@yahoo.com to email field : [[ChromeDriver: chrome on WINDOWS (a72d2107e3bc409343f3660afcf5a6af)] -> id: Email]
2021-06-20 13:06:300 INFO  LoginPage :44 - Entering password : Abc1234 to password field : [[ChromeDriver: chrome on WINDOWS (a72d2107e3bc409343f3660afcf5a6af)] -> id: Password]
2021-06-20 13:06:429 INFO  LoginPage :50 - Clicking on login button : [[ChromeDriver: chrome on WINDOWS (a72d2107e3bc409343f3660afcf5a6af)] -> xpath: //button[contains(text(),'Log in')]]
2021-06-20 13:06:778 INFO  BasePage :31 - Launching Chrome Browser 
2021-06-20 13:06:360 INFO  HomePage :44 - Clicking on login link : [[ChromeDriver: chrome on WINDOWS (c86f358293be8f6a7ca6a4054f5cc8c6)] -> link text: Log in]
2021-06-20 13:06:457 INFO  LoginPage :40 - Entering email address : kelly.paul@yahoo.com to email field : [[ChromeDriver: chrome on WINDOWS (c86f358293be8f6a7ca6a4054f5cc8c6)] -> id: Email]
2021-06-20 13:06:715 INFO  LoginPage :46 - Entering password : Abc1234 to password field : [[ChromeDriver: chrome on WINDOWS (c86f358293be8f6a7ca6a4054f5cc8c6)] -> id: Password]
2021-06-20 13:06:189 INFO  LoginPage :52 - Clicking on login button : [[ChromeDriver: chrome on WINDOWS (c86f358293be8f6a7ca6a4054f5cc8c6)] -> xpath: //button[contains(text(),'Log in')]]
2021-06-20 13:06:252 INFO  LoginPage :64 - Getting error text from : [[ChromeDriver: chrome on WINDOWS (c86f358293be8f6a7ca6a4054f5cc8c6)] -> css selector: div.master-wrapper-page:nth-child(6) div.master-wrapper-content div.master-column-wrapper div.center-1 div.page.login-page div.page-body div.customer-blocks div.returning-wrapper.fieldset form:nth-child(1) > div.message-error.validation-summary-errors:nth-child(1)]
2021-06-20 13:06:252 INFO  BasePage :31 - Launching Chrome Browser 
2021-06-20 13:06:938 INFO  HomePage :50 - Clicking on login link : [[ChromeDriver: chrome on WINDOWS (9e11e6634c6d39c7d0dc6d4b5fceafc3)] -> xpath: //a[@class='ico-register']]
2021-06-20 13:06:421 INFO  RegisterPage :66 - Entering  confirmed password : [[ChromeDriver: chrome on WINDOWS (9e11e6634c6d39c7d0dc6d4b5fceafc3)] -> xpath: //input[@id='FirstName']] to first name  field : [[ChromeDriver: chrome on WINDOWS (9e11e6634c6d39c7d0dc6d4b5fceafc3)] -> xpath: //input[@id='FirstName']]
2021-06-20 13:06:799 INFO  RegisterPage :73 - Enter  last name password : [[ChromeDriver: chrome on WINDOWS (9e11e6634c6d39c7d0dc6d4b5fceafc3)] -> xpath: //input[@id='LastName']] to Last Name field : [[ChromeDriver: chrome on WINDOWS (9e11e6634c6d39c7d0dc6d4b5fceafc3)] -> xpath: //input[@id='LastName']]
2021-06-20 13:06:278 INFO  LoginPage :40 - Entering email address : kelly.paul559@yahoo.com to email field : [[ChromeDriver: chrome on WINDOWS (9e11e6634c6d39c7d0dc6d4b5fceafc3)] -> id: Email]
2021-06-20 13:06:662 INFO  LoginPage :46 - Entering password : abc1234 to password field : [[ChromeDriver: chrome on WINDOWS (9e11e6634c6d39c7d0dc6d4b5fceafc3)] -> id: Password]
2021-06-20 13:06:949 INFO  RegisterPage :53 - Entering  confirmed password : abc1234 to confirmed password field : [[ChromeDriver: chrome on WINDOWS (9e11e6634c6d39c7d0dc6d4b5fceafc3)] -> xpath: //input[@id='ConfirmPassword']]
2021-06-20 13:06:471 INFO  RegisterPage :47 - Click on register button : Proxy element for: DefaultElementLocator 'By.xpath: //button[@id='register-button']'
2021-06-20 13:06:156 INFO  LoginPage :70 - click on log out button : Proxy element for: DefaultElementLocator 'By.xpath: //a[contains(text(),'Log out')]'
2021-06-20 13:06:809 INFO  HomePage :44 - Clicking on login link : [[ChromeDriver: chrome on WINDOWS (9e11e6634c6d39c7d0dc6d4b5fceafc3)] -> link text: Log in]
2021-06-20 13:06:578 INFO  LoginPage :40 - Entering email address : kelly.paul@yahoo.com to email field : [[ChromeDriver: chrome on WINDOWS (9e11e6634c6d39c7d0dc6d4b5fceafc3)] -> id: Email]
2021-06-20 13:06:800 INFO  LoginPage :46 - Entering password : Abc1234 to password field : [[ChromeDriver: chrome on WINDOWS (9e11e6634c6d39c7d0dc6d4b5fceafc3)] -> id: Password]
2021-06-20 13:06:254 INFO  LoginPage :52 - Clicking on login button : [[ChromeDriver: chrome on WINDOWS (9e11e6634c6d39c7d0dc6d4b5fceafc3)] -> xpath: //button[contains(text(),'Log in')]]
2021-06-20 13:06:923 INFO  LoginPage :75 - Getting text from : Proxy element for: DefaultElementLocator 'By.xpath:  //h2[contains(text(),'Welcome to our store')]'
2021-06-20 13:06:978 INFO  BasePage :31 - Launching Chrome Browser 
2021-06-20 13:06:25 INFO  BasePage :31 - Launching Chrome Browser 
2021-06-20 13:06:393 INFO  BasePage :31 - Launching Chrome Browser 
2021-06-20 13:06:896 INFO  BasePage :31 - Launching Chrome Browser 
2021-06-20 13:06:439 INFO  BasePage :31 - Launching Chrome Browser 
2021-06-20 13:06:533 INFO  BasePage :31 - Launching Chrome Browser 
2021-06-20 13:06:193 INFO  BasePage :31 - Launching Chrome Browser 
2021-06-20 13:06:869 INFO  BasePage :31 - Launching Chrome Browser 
2021-06-20 13:06:884 INFO  BasePage :31 - Launching Chrome Browser 
2021-06-20 14:06:748 INFO  BasePage :31 - Launching Chrome Browser 
2021-06-20 14:06:761 INFO  HomePage :50 - Clicking on login link : [[ChromeDriver: chrome on WINDOWS (1a0c7119bc47e63af55e109cda50eae4)] -> xpath: //a[@class='ico-register']]
2021-06-20 14:06:254 INFO  RegisterPage :66 - Entering  confirmed password : [[ChromeDriver: chrome on WINDOWS (1a0c7119bc47e63af55e109cda50eae4)] -> xpath: //input[@id='FirstName']] to first name  field : [[ChromeDriver: chrome on WINDOWS (1a0c7119bc47e63af55e109cda50eae4)] -> xpath: //input[@id='FirstName']]
2021-06-20 14:06:497 INFO  RegisterPage :73 - Enter  last name password : [[ChromeDriver: chrome on WINDOWS (1a0c7119bc47e63af55e109cda50eae4)] -> xpath: //input[@id='LastName']] to Last Name field : [[ChromeDriver: chrome on WINDOWS (1a0c7119bc47e63af55e109cda50eae4)] -> xpath: //input[@id='LastName']]
2021-06-20 14:06:863 INFO  LoginPage :39 - Entering email address : kelly.paul631@yahoo.com to email field : [[ChromeDriver: chrome on WINDOWS (1a0c7119bc47e63af55e109cda50eae4)] -> id: Email]
2021-06-20 14:06:151 INFO  LoginPage :45 - Entering password : abc1234 to password field : [[ChromeDriver: chrome on WINDOWS (1a0c7119bc47e63af55e109cda50eae4)] -> id: Password]
2021-06-20 14:06:405 INFO  RegisterPage :53 - Entering  confirmed password : abc1234 to confirmed password field : [[ChromeDriver: chrome on WINDOWS (1a0c7119bc47e63af55e109cda50eae4)] -> xpath: //input[@id='ConfirmPassword']]
2021-06-20 14:06:18 INFO  RegisterPage :47 - Click on register button : Proxy element for: DefaultElementLocator 'By.xpath: //button[@id='register-button']'
2021-06-20 14:06:619 INFO  LoginPage :70 - click on log out button : Proxy element for: DefaultElementLocator 'By.xpath: //a[contains(text(),'Log out')]'
2021-06-20 14:06:852 INFO  HomePage :44 - Clicking on login link : [[ChromeDriver: chrome on WINDOWS (1a0c7119bc47e63af55e109cda50eae4)] -> link text: Log in]
2021-06-20 14:06:632 INFO  LoginPage :39 - Entering email address : kelly.paul@yahoo.com to email field : [[ChromeDriver: chrome on WINDOWS (1a0c7119bc47e63af55e109cda50eae4)] -> id: Email]
2021-06-20 14:06:802 INFO  LoginPage :45 - Entering password : Abc1234 to password field : [[ChromeDriver: chrome on WINDOWS (1a0c7119bc47e63af55e109cda50eae4)] -> id: Password]
2021-06-20 14:06:946 INFO  LoginPage :51 - Clicking on login button : [[ChromeDriver: chrome on WINDOWS (1a0c7119bc47e63af55e109cda50eae4)] -> xpath: //button[contains(text(),'Log in')]]
2021-06-20 14:06:74 INFO  LoginPage :75 - Getting text from : Proxy element for: DefaultElementLocator 'By.xpath:  //h2[contains(text(),'Welcome to our store')]'
2021-06-20 14:06:739 INFO  BasePage :31 - Launching Chrome Browser 
2021-06-20 14:06:552 INFO  HomePage :50 - Clicking on login link : [[ChromeDriver: chrome on WINDOWS (04c038da3f050b9f46b39b756d03c483)] -> xpath: //a[@class='ico-register']]
2021-06-20 14:06:851 INFO  RegisterPage :66 - Entering  confirmed password : [[ChromeDriver: chrome on WINDOWS (04c038da3f050b9f46b39b756d03c483)] -> xpath: //input[@id='FirstName']] to first name  field : [[ChromeDriver: chrome on WINDOWS (04c038da3f050b9f46b39b756d03c483)] -> xpath: //input[@id='FirstName']]
2021-06-20 14:06:91 INFO  RegisterPage :73 - Enter  last name password : [[ChromeDriver: chrome on WINDOWS (04c038da3f050b9f46b39b756d03c483)] -> xpath: //input[@id='LastName']] to Last Name field : [[ChromeDriver: chrome on WINDOWS (04c038da3f050b9f46b39b756d03c483)] -> xpath: //input[@id='LastName']]
2021-06-20 14:06:365 INFO  LoginPage :39 - Entering email address : kelly.paul768@yahoo.com to email field : [[ChromeDriver: chrome on WINDOWS (04c038da3f050b9f46b39b756d03c483)] -> id: Email]
2021-06-20 14:06:612 INFO  LoginPage :45 - Entering password : abc1234 to password field : [[ChromeDriver: chrome on WINDOWS (04c038da3f050b9f46b39b756d03c483)] -> id: Password]
2021-06-20 14:06:777 INFO  RegisterPage :53 - Entering  confirmed password : abc1234 to confirmed password field : [[ChromeDriver: chrome on WINDOWS (04c038da3f050b9f46b39b756d03c483)] -> xpath: //input[@id='ConfirmPassword']]
2021-06-20 14:06:946 INFO  RegisterPage :47 - Click on register button : [[ChromeDriver: chrome on WINDOWS (04c038da3f050b9f46b39b756d03c483)] -> xpath: //button[@id='register-button']]
2021-06-20 14:06:46 INFO  BasePage :31 - Launching Chrome Browser 
2021-06-20 14:06:651 INFO  HomePage :50 - Clicking on login link : [[ChromeDriver: chrome on WINDOWS (4fb3b70e8f8f1dd2de3a09cbb4bb08a4)] -> xpath: //a[@class='ico-register']]
2021-06-20 14:06:505 INFO  RegisterPage :66 - Entering  confirmed password : [[ChromeDriver: chrome on WINDOWS (4fb3b70e8f8f1dd2de3a09cbb4bb08a4)] -> xpath: //input[@id='FirstName']] to first name  field : [[ChromeDriver: chrome on WINDOWS (4fb3b70e8f8f1dd2de3a09cbb4bb08a4)] -> xpath: //input[@id='FirstName']]
2021-06-20 14:06:716 INFO  RegisterPage :73 - Enter  last name password : [[ChromeDriver: chrome on WINDOWS (4fb3b70e8f8f1dd2de3a09cbb4bb08a4)] -> xpath: //input[@id='LastName']] to Last Name field : [[ChromeDriver: chrome on WINDOWS (4fb3b70e8f8f1dd2de3a09cbb4bb08a4)] -> xpath: //input[@id='LastName']]
2021-06-20 14:06:08 INFO  LoginPage :39 - Entering email address : kelly.paul339@yahoo.com to email field : [[ChromeDriver: chrome on WINDOWS (4fb3b70e8f8f1dd2de3a09cbb4bb08a4)] -> id: Email]
2021-06-20 14:06:228 INFO  LoginPage :45 - Entering password : abc1234 to password field : [[ChromeDriver: chrome on WINDOWS (4fb3b70e8f8f1dd2de3a09cbb4bb08a4)] -> id: Password]
2021-06-20 14:06:385 INFO  RegisterPage :53 - Entering  confirmed password : abc1234 to confirmed password field : [[ChromeDriver: chrome on WINDOWS (4fb3b70e8f8f1dd2de3a09cbb4bb08a4)] -> xpath: //input[@id='ConfirmPassword']]
2021-06-20 14:06:547 INFO  RegisterPage :47 - Click on register button : Proxy element for: DefaultElementLocator 'By.xpath: //button[@id='register-button']'
2021-06-20 14:06:784 INFO  LoginPage :70 - click on log out button : Proxy element for: DefaultElementLocator 'By.xpath: //a[contains(text(),'Log out')]'
2021-06-20 14:06:940 INFO  HomePage :44 - Clicking on login link : [[ChromeDriver: chrome on WINDOWS (4fb3b70e8f8f1dd2de3a09cbb4bb08a4)] -> link text: Log in]
2021-06-20 14:06:709 INFO  LoginPage :39 - Entering email address : kelly.paul339@yahoo.com to email field : [[ChromeDriver: chrome on WINDOWS (4fb3b70e8f8f1dd2de3a09cbb4bb08a4)] -> id: Email]
2021-06-20 14:06:857 INFO  LoginPage :45 - Entering password : Abc1234 to password field : [[ChromeDriver: chrome on WINDOWS (4fb3b70e8f8f1dd2de3a09cbb4bb08a4)] -> id: Password]
2021-06-20 14:06:985 INFO  LoginPage :51 - Clicking on login button : [[ChromeDriver: chrome on WINDOWS (4fb3b70e8f8f1dd2de3a09cbb4bb08a4)] -> xpath: //button[contains(text(),'Log in')]]
2021-06-20 14:06:113 INFO  LoginPage :75 - Getting text from : Proxy element for: DefaultElementLocator 'By.xpath:  //h2[contains(text(),'Welcome to our store')]'
2021-06-20 14:06:679 INFO  BasePage :31 - Launching Chrome Browser 
2021-06-20 14:06:258 INFO  HomePage :50 - Clicking on login link : [[ChromeDriver: chrome on WINDOWS (45899a1771f75bdd3a34cce72ff10594)] -> xpath: //a[@class='ico-register']]
2021-06-20 14:06:35 INFO  RegisterPage :66 - Entering  confirmed password : [[ChromeDriver: chrome on WINDOWS (45899a1771f75bdd3a34cce72ff10594)] -> xpath: //input[@id='FirstName']] to first name  field : [[ChromeDriver: chrome on WINDOWS (45899a1771f75bdd3a34cce72ff10594)] -> xpath: //input[@id='FirstName']]
2021-06-20 14:06:249 INFO  RegisterPage :73 - Enter  last name password : [[ChromeDriver: chrome on WINDOWS (45899a1771f75bdd3a34cce72ff10594)] -> xpath: //input[@id='LastName']] to Last Name field : [[ChromeDriver: chrome on WINDOWS (45899a1771f75bdd3a34cce72ff10594)] -> xpath: //input[@id='LastName']]
2021-06-20 14:06:546 INFO  LoginPage :39 - Entering email address : kelly.paul220@yahoo.com to email field : [[ChromeDriver: chrome on WINDOWS (45899a1771f75bdd3a34cce72ff10594)] -> id: Email]
2021-06-20 14:06:785 INFO  LoginPage :45 - Entering password : abc1234 to password field : [[ChromeDriver: chrome on WINDOWS (45899a1771f75bdd3a34cce72ff10594)] -> id: Password]
2021-06-20 14:06:950 INFO  RegisterPage :53 - Entering  confirmed password : abc1234 to confirmed password field : [[ChromeDriver: chrome on WINDOWS (45899a1771f75bdd3a34cce72ff10594)] -> xpath: //input[@id='ConfirmPassword']]
2021-06-20 14:06:107 INFO  RegisterPage :47 - Click on register button : Proxy element for: DefaultElementLocator 'By.xpath: //button[@id='register-button']'
2021-06-20 14:06:464 INFO  LoginPage :70 - click on log out button : Proxy element for: DefaultElementLocator 'By.xpath: //a[contains(text(),'Log out')]'
2021-06-20 14:06:740 INFO  HomePage :44 - Clicking on login link : [[ChromeDriver: chrome on WINDOWS (45899a1771f75bdd3a34cce72ff10594)] -> link text: Log in]
2021-06-20 14:06:896 INFO  LoginPage :39 - Entering email address : kelly.paul220@yahoo.com to email field : [[ChromeDriver: chrome on WINDOWS (45899a1771f75bdd3a34cce72ff10594)] -> id: Email]
2021-06-20 14:06:54 INFO  LoginPage :45 - Entering password : Abc1234 to password field : [[ChromeDriver: chrome on WINDOWS (45899a1771f75bdd3a34cce72ff10594)] -> id: Password]
2021-06-20 14:06:726 INFO  LoginPage :51 - Clicking on login button : [[ChromeDriver: chrome on WINDOWS (45899a1771f75bdd3a34cce72ff10594)] -> xpath: //button[contains(text(),'Log in')]]
2021-06-20 14:06:898 INFO  LoginPage :75 - Getting text from : Proxy element for: DefaultElementLocator 'By.xpath:  //h2[contains(text(),'Welcome to our store')]'
2021-06-20 14:06:601 INFO  BasePage :31 - Launching Chrome Browser 
2021-06-20 14:06:343 INFO  HomePage :50 - Clicking on login link : [[ChromeDriver: chrome on WINDOWS (c3548202fc8e942a8c5c1d08fc076484)] -> xpath: //a[@class='ico-register']]
2021-06-20 14:06:113 INFO  RegisterPage :66 - Entering  confirmed password : [[ChromeDriver: chrome on WINDOWS (c3548202fc8e942a8c5c1d08fc076484)] -> xpath: //input[@id='FirstName']] to first name  field : [[ChromeDriver: chrome on WINDOWS (c3548202fc8e942a8c5c1d08fc076484)] -> xpath: //input[@id='FirstName']]
2021-06-20 14:06:295 INFO  RegisterPage :73 - Enter  last name password : [[ChromeDriver: chrome on WINDOWS (c3548202fc8e942a8c5c1d08fc076484)] -> xpath: //input[@id='LastName']] to Last Name field : [[ChromeDriver: chrome on WINDOWS (c3548202fc8e942a8c5c1d08fc076484)] -> xpath: //input[@id='LastName']]
2021-06-20 14:06:561 INFO  LoginPage :39 - Entering email address : kelly.paul323@yahoo.com to email field : [[ChromeDriver: chrome on WINDOWS (c3548202fc8e942a8c5c1d08fc076484)] -> id: Email]
2021-06-20 14:06:780 INFO  LoginPage :45 - Entering password : abc1234 to password field : [[ChromeDriver: chrome on WINDOWS (c3548202fc8e942a8c5c1d08fc076484)] -> id: Password]
2021-06-20 14:06:942 INFO  RegisterPage :53 - Entering  confirmed password : abc1234 to confirmed password field : [[ChromeDriver: chrome on WINDOWS (c3548202fc8e942a8c5c1d08fc076484)] -> xpath: //input[@id='ConfirmPassword']]
2021-06-20 14:06:496 INFO  RegisterPage :47 - Click on register button : Proxy element for: DefaultElementLocator 'By.xpath: //button[@id='register-button']'
2021-06-20 14:06:836 INFO  LoginPage :70 - click on log out button : Proxy element for: DefaultElementLocator 'By.xpath: //a[contains(text(),'Log out')]'
2021-06-20 14:06:983 INFO  HomePage :44 - Clicking on login link : [[ChromeDriver: chrome on WINDOWS (c3548202fc8e942a8c5c1d08fc076484)] -> link text: Log in]
2021-06-20 14:06:810 INFO  LoginPage :39 - Entering email address : kelly.paul323@yahoo.com to email field : [[ChromeDriver: chrome on WINDOWS (c3548202fc8e942a8c5c1d08fc076484)] -> id: Email]
2021-06-20 14:06:961 INFO  LoginPage :45 - Entering password : Abc1234 to password field : [[ChromeDriver: chrome on WINDOWS (c3548202fc8e942a8c5c1d08fc076484)] -> id: Password]
2021-06-20 14:06:709 INFO  LoginPage :51 - Clicking on login button : [[ChromeDriver: chrome on WINDOWS (c3548202fc8e942a8c5c1d08fc076484)] -> xpath: //button[contains(text(),'Log in')]]
2021-06-20 14:06:822 INFO  LoginPage :75 - Getting text from : Proxy element for: DefaultElementLocator 'By.xpath:  //h2[contains(text(),'Welcome to our store')]'
2021-06-20 14:06:789 INFO  BasePage :31 - Launching Chrome Browser 
2021-06-20 14:06:351 INFO  HomePage :50 - Clicking on login link : [[ChromeDriver: chrome on WINDOWS (5310f2e36d3eb72b4a91a7ce3ea54097)] -> xpath: //a[@class='ico-register']]
2021-06-20 14:06:142 INFO  RegisterPage :66 - Entering  confirmed password : [[ChromeDriver: chrome on WINDOWS (5310f2e36d3eb72b4a91a7ce3ea54097)] -> xpath: //input[@id='FirstName']] to first name  field : [[ChromeDriver: chrome on WINDOWS (5310f2e36d3eb72b4a91a7ce3ea54097)] -> xpath: //input[@id='FirstName']]
2021-06-20 14:06:328 INFO  RegisterPage :73 - Enter  last name password : [[ChromeDriver: chrome on WINDOWS (5310f2e36d3eb72b4a91a7ce3ea54097)] -> xpath: //input[@id='LastName']] to Last Name field : [[ChromeDriver: chrome on WINDOWS (5310f2e36d3eb72b4a91a7ce3ea54097)] -> xpath: //input[@id='LastName']]
2021-06-20 14:06:595 INFO  LoginPage :39 - Entering email address : kelly.paul@yahoo.com to email field : [[ChromeDriver: chrome on WINDOWS (5310f2e36d3eb72b4a91a7ce3ea54097)] -> id: Email]
2021-06-20 14:06:819 INFO  LoginPage :45 - Entering password : abc1234 to password field : [[ChromeDriver: chrome on WINDOWS (5310f2e36d3eb72b4a91a7ce3ea54097)] -> id: Password]
2021-06-20 14:06:979 INFO  RegisterPage :53 - Entering  confirmed password : abc1234 to confirmed password field : [[ChromeDriver: chrome on WINDOWS (5310f2e36d3eb72b4a91a7ce3ea54097)] -> xpath: //input[@id='ConfirmPassword']]
2021-06-20 14:06:916 INFO  RegisterPage :47 - Click on register button : Proxy element for: DefaultElementLocator 'By.xpath: //button[@id='register-button']'
2021-06-20 14:06:568 INFO  LoginPage :70 - click on log out button : Proxy element for: DefaultElementLocator 'By.xpath: //a[contains(text(),'Log out')]'
2021-06-20 14:06:418 INFO  HomePage :44 - Clicking on login link : [[ChromeDriver: chrome on WINDOWS (5310f2e36d3eb72b4a91a7ce3ea54097)] -> link text: Log in]
2021-06-20 14:06:215 INFO  LoginPage :39 - Entering email address : kelly.paul@yahoo.com to email field : [[ChromeDriver: chrome on WINDOWS (5310f2e36d3eb72b4a91a7ce3ea54097)] -> id: Email]
2021-06-20 14:06:365 INFO  LoginPage :45 - Entering password : Abc1234 to password field : [[ChromeDriver: chrome on WINDOWS (5310f2e36d3eb72b4a91a7ce3ea54097)] -> id: Password]
2021-06-20 14:06:511 INFO  LoginPage :51 - Clicking on login button : [[ChromeDriver: chrome on WINDOWS (5310f2e36d3eb72b4a91a7ce3ea54097)] -> xpath: //button[contains(text(),'Log in')]]
2021-06-20 14:06:575 INFO  LoginPage :75 - Getting text from : Proxy element for: DefaultElementLocator 'By.xpath:  //h2[contains(text(),'Welcome to our store')]'
2021-06-20 14:06:868 INFO  BasePage :31 - Launching Chrome Browser 
2021-06-20 14:06:459 INFO  HomePage :50 - Clicking on login link : [[ChromeDriver: chrome on WINDOWS (8e73c1d960d55b7c013945e6a3ae9f4e)] -> xpath: //a[@class='ico-register']]
2021-06-20 14:06:253 INFO  RegisterPage :66 - Entering  confirmed password : [[ChromeDriver: chrome on WINDOWS (8e73c1d960d55b7c013945e6a3ae9f4e)] -> xpath: //input[@id='FirstName']] to first name  field : [[ChromeDriver: chrome on WINDOWS (8e73c1d960d55b7c013945e6a3ae9f4e)] -> xpath: //input[@id='FirstName']]
2021-06-20 14:06:440 INFO  RegisterPage :73 - Enter  last name password : [[ChromeDriver: chrome on WINDOWS (8e73c1d960d55b7c013945e6a3ae9f4e)] -> xpath: //input[@id='LastName']] to Last Name field : [[ChromeDriver: chrome on WINDOWS (8e73c1d960d55b7c013945e6a3ae9f4e)] -> xpath: //input[@id='LastName']]
2021-06-20 14:06:702 INFO  LoginPage :39 - Entering email address : kelly.paul@yahoo.com to email field : [[ChromeDriver: chrome on WINDOWS (8e73c1d960d55b7c013945e6a3ae9f4e)] -> id: Email]
2021-06-20 14:06:913 INFO  LoginPage :45 - Entering password : abc1234 to password field : [[ChromeDriver: chrome on WINDOWS (8e73c1d960d55b7c013945e6a3ae9f4e)] -> id: Password]
2021-06-20 14:06:89 INFO  RegisterPage :53 - Entering  confirmed password : abc1234 to confirmed password field : [[ChromeDriver: chrome on WINDOWS (8e73c1d960d55b7c013945e6a3ae9f4e)] -> xpath: //input[@id='ConfirmPassword']]
2021-06-20 14:06:298 INFO  RegisterPage :47 - Click on register button : [[ChromeDriver: chrome on WINDOWS (8e73c1d960d55b7c013945e6a3ae9f4e)] -> xpath: //button[@id='register-button']]
2021-06-20 14:06:461 INFO  BasePage :31 - Launching Chrome Browser 
2021-06-20 14:06:116 INFO  HomePage :50 - Clicking on login link : [[ChromeDriver: chrome on WINDOWS (905d8a6654b2fc27eed72a44c1335275)] -> xpath: //a[@class='ico-register']]
2021-06-20 14:06:885 INFO  RegisterPage :66 - Entering  confirmed password : [[ChromeDriver: chrome on WINDOWS (905d8a6654b2fc27eed72a44c1335275)] -> xpath: //input[@id='FirstName']] to first name  field : [[ChromeDriver: chrome on WINDOWS (905d8a6654b2fc27eed72a44c1335275)] -> xpath: //input[@id='FirstName']]
2021-06-20 14:06:68 INFO  RegisterPage :73 - Enter  last name password : [[ChromeDriver: chrome on WINDOWS (905d8a6654b2fc27eed72a44c1335275)] -> xpath: //input[@id='LastName']] to Last Name field : [[ChromeDriver: chrome on WINDOWS (905d8a6654b2fc27eed72a44c1335275)] -> xpath: //input[@id='LastName']]
2021-06-20 14:06:313 INFO  LoginPage :39 - Entering email address : kelly.paul177@yahoo.com to email field : [[ChromeDriver: chrome on WINDOWS (905d8a6654b2fc27eed72a44c1335275)] -> id: Email]
2021-06-20 14:06:571 INFO  LoginPage :45 - Entering password : abc1234 to password field : [[ChromeDriver: chrome on WINDOWS (905d8a6654b2fc27eed72a44c1335275)] -> id: Password]
2021-06-20 14:06:725 INFO  RegisterPage :53 - Entering  confirmed password : abc1234 to confirmed password field : [[ChromeDriver: chrome on WINDOWS (905d8a6654b2fc27eed72a44c1335275)] -> xpath: //input[@id='ConfirmPassword']]
2021-06-20 14:06:885 INFO  RegisterPage :47 - Click on register button : Proxy element for: DefaultElementLocator 'By.xpath: //button[@id='register-button']'
2021-06-20 14:06:193 INFO  LoginPage :70 - click on log out button : Proxy element for: DefaultElementLocator 'By.xpath: //a[contains(text(),'Log out')]'
2021-06-20 14:06:05 INFO  HomePage :44 - Clicking on login link : [[ChromeDriver: chrome on WINDOWS (905d8a6654b2fc27eed72a44c1335275)] -> link text: Log in]
2021-06-20 14:06:765 INFO  LoginPage :39 - Entering email address : kelly.paul177@yahoo.com to email field : [[ChromeDriver: chrome on WINDOWS (905d8a6654b2fc27eed72a44c1335275)] -> id: Email]
2021-06-20 14:06:917 INFO  LoginPage :45 - Entering password : Abc1234 to password field : [[ChromeDriver: chrome on WINDOWS (905d8a6654b2fc27eed72a44c1335275)] -> id: Password]
2021-06-20 14:06:102 INFO  LoginPage :51 - Clicking on login button : [[ChromeDriver: chrome on WINDOWS (905d8a6654b2fc27eed72a44c1335275)] -> xpath: //button[contains(text(),'Log in')]]
2021-06-20 14:06:978 INFO  BasePage :31 - Launching Chrome Browser 
2021-06-20 14:06:423 INFO  HomePage :50 - Clicking on login link : [[ChromeDriver: chrome on WINDOWS (9dfc7be0684e7e351c6aee73cc05d8bf)] -> xpath: //a[@class='ico-register']]
2021-06-20 14:06:219 INFO  RegisterPage :66 - Entering  confirmed password : [[ChromeDriver: chrome on WINDOWS (9dfc7be0684e7e351c6aee73cc05d8bf)] -> xpath: //input[@id='FirstName']] to first name  field : [[ChromeDriver: chrome on WINDOWS (9dfc7be0684e7e351c6aee73cc05d8bf)] -> xpath: //input[@id='FirstName']]
2021-06-20 14:06:405 INFO  RegisterPage :73 - Enter  last name password : [[ChromeDriver: chrome on WINDOWS (9dfc7be0684e7e351c6aee73cc05d8bf)] -> xpath: //input[@id='LastName']] to Last Name field : [[ChromeDriver: chrome on WINDOWS (9dfc7be0684e7e351c6aee73cc05d8bf)] -> xpath: //input[@id='LastName']]
2021-06-20 14:06:652 INFO  LoginPage :39 - Entering email address : kelly.paul750@yahoo.com to email field : [[ChromeDriver: chrome on WINDOWS (9dfc7be0684e7e351c6aee73cc05d8bf)] -> id: Email]
2021-06-20 14:06:859 INFO  LoginPage :45 - Entering password : abc1234 to password field : [[ChromeDriver: chrome on WINDOWS (9dfc7be0684e7e351c6aee73cc05d8bf)] -> id: Password]
2021-06-20 14:06:18 INFO  RegisterPage :53 - Entering  confirmed password : abc1234 to confirmed password field : [[ChromeDriver: chrome on WINDOWS (9dfc7be0684e7e351c6aee73cc05d8bf)] -> xpath: //input[@id='ConfirmPassword']]
2021-06-20 14:06:212 INFO  RegisterPage :47 - Click on register button : Proxy element for: DefaultElementLocator 'By.xpath: //button[@id='register-button']'
2021-06-20 14:06:842 INFO  LoginPage :70 - click on log out button : Proxy element for: DefaultElementLocator 'By.xpath: //a[contains(text(),'Log out')]'
2021-06-20 14:06:49 INFO  HomePage :44 - Clicking on login link : [[ChromeDriver: chrome on WINDOWS (9dfc7be0684e7e351c6aee73cc05d8bf)] -> link text: Log in]
2021-06-20 14:06:801 INFO  LoginPage :39 - Entering email address : kelly.paul750@yahoo.com to email field : [[ChromeDriver: chrome on WINDOWS (9dfc7be0684e7e351c6aee73cc05d8bf)] -> id: Email]
2021-06-20 14:06:949 INFO  LoginPage :45 - Entering password : Abc1234 to password field : [[ChromeDriver: chrome on WINDOWS (9dfc7be0684e7e351c6aee73cc05d8bf)] -> id: Password]
2021-06-20 14:06:113 INFO  LoginPage :51 - Clicking on login button : [[ChromeDriver: chrome on WINDOWS (9dfc7be0684e7e351c6aee73cc05d8bf)] -> xpath: //button[contains(text(),'Log in')]]
2021-06-20 14:06:214 INFO  LoginPage :75 - verify welcome store from : Proxy element for: DefaultElementLocator 'By.xpath: //h2[contains(text(),'Welcome to our store')]'
2021-06-20 14:06:839 INFO  BasePage :31 - Launching Chrome Browser 
2021-06-20 14:06:282 INFO  HomePage :50 - Clicking on login link : [[ChromeDriver: chrome on WINDOWS (bd791410203fdd3e91de34704c3271a2)] -> xpath: //a[@class='ico-register']]
2021-06-20 14:06:88 INFO  RegisterPage :66 - Entering  confirmed password : [[ChromeDriver: chrome on WINDOWS (bd791410203fdd3e91de34704c3271a2)] -> xpath: //input[@id='FirstName']] to first name  field : [[ChromeDriver: chrome on WINDOWS (bd791410203fdd3e91de34704c3271a2)] -> xpath: //input[@id='FirstName']]
2021-06-20 14:06:266 INFO  RegisterPage :73 - Enter  last name password : [[ChromeDriver: chrome on WINDOWS (bd791410203fdd3e91de34704c3271a2)] -> xpath: //input[@id='LastName']] to Last Name field : [[ChromeDriver: chrome on WINDOWS (bd791410203fdd3e91de34704c3271a2)] -> xpath: //input[@id='LastName']]
2021-06-20 14:06:512 INFO  LoginPage :39 - Entering email address : kelly.paul138@yahoo.com to email field : [[ChromeDriver: chrome on WINDOWS (bd791410203fdd3e91de34704c3271a2)] -> id: Email]
2021-06-20 14:06:751 INFO  LoginPage :45 - Entering password : abc1234 to password field : [[ChromeDriver: chrome on WINDOWS (bd791410203fdd3e91de34704c3271a2)] -> id: Password]
2021-06-20 14:06:932 INFO  RegisterPage :53 - Entering  confirmed password : abc1234 to confirmed password field : [[ChromeDriver: chrome on WINDOWS (bd791410203fdd3e91de34704c3271a2)] -> xpath: //input[@id='ConfirmPassword']]
2021-06-20 14:06:08 INFO  RegisterPage :47 - Click on register button : Proxy element for: DefaultElementLocator 'By.xpath: //button[@id='register-button']'
2021-06-20 14:06:661 INFO  LoginPage :70 - click on log out button : Proxy element for: DefaultElementLocator 'By.xpath: //a[contains(text(),'Log out')]'
2021-06-20 14:06:807 INFO  HomePage :44 - Clicking on login link : [[ChromeDriver: chrome on WINDOWS (bd791410203fdd3e91de34704c3271a2)] -> link text: Log in]
2021-06-20 14:06:629 INFO  LoginPage :39 - Entering email address : kelly.paul138@yahoo.com to email field : [[ChromeDriver: chrome on WINDOWS (bd791410203fdd3e91de34704c3271a2)] -> id: Email]
2021-06-20 14:06:785 INFO  LoginPage :45 - Entering password : Abc1234 to password field : [[ChromeDriver: chrome on WINDOWS (bd791410203fdd3e91de34704c3271a2)] -> id: Password]
2021-06-20 14:06:354 INFO  LoginPage :51 - Clicking on login button : [[ChromeDriver: chrome on WINDOWS (bd791410203fdd3e91de34704c3271a2)] -> xpath: //button[contains(text(),'Log in')]]
2021-06-20 14:06:548 INFO  BasePage :31 - Launching Chrome Browser 
2021-06-20 14:06:220 INFO  HomePage :50 - Clicking on login link : [[ChromeDriver: chrome on WINDOWS (df690067cb3bba0aa5c5c3e1c9b3598b)] -> xpath: //a[@class='ico-register']]
2021-06-20 14:06:38 INFO  RegisterPage :66 - Entering  confirmed password : [[ChromeDriver: chrome on WINDOWS (df690067cb3bba0aa5c5c3e1c9b3598b)] -> xpath: //input[@id='FirstName']] to first name  field : [[ChromeDriver: chrome on WINDOWS (df690067cb3bba0aa5c5c3e1c9b3598b)] -> xpath: //input[@id='FirstName']]
2021-06-20 14:06:251 INFO  RegisterPage :73 - Enter  last name password : [[ChromeDriver: chrome on WINDOWS (df690067cb3bba0aa5c5c3e1c9b3598b)] -> xpath: //input[@id='LastName']] to Last Name field : [[ChromeDriver: chrome on WINDOWS (df690067cb3bba0aa5c5c3e1c9b3598b)] -> xpath: //input[@id='LastName']]
2021-06-20 14:06:536 INFO  LoginPage :39 - Entering email address : kelly.paul609@yahoo.com to email field : [[ChromeDriver: chrome on WINDOWS (df690067cb3bba0aa5c5c3e1c9b3598b)] -> id: Email]
2021-06-20 14:06:777 INFO  LoginPage :45 - Entering password : abc1234 to password field : [[ChromeDriver: chrome on WINDOWS (df690067cb3bba0aa5c5c3e1c9b3598b)] -> id: Password]
2021-06-20 14:06:938 INFO  RegisterPage :53 - Entering  confirmed password : abc1234 to confirmed password field : [[ChromeDriver: chrome on WINDOWS (df690067cb3bba0aa5c5c3e1c9b3598b)] -> xpath: //input[@id='ConfirmPassword']]
2021-06-20 14:06:816 INFO  RegisterPage :47 - Click on register button : Proxy element for: DefaultElementLocator 'By.xpath: //button[@id='register-button']'
2021-06-20 14:06:532 INFO  LoginPage :70 - click on log out button : Proxy element for: DefaultElementLocator 'By.xpath: //a[contains(text(),'Log out')]'
2021-06-20 14:06:250 INFO  HomePage :44 - Clicking on login link : [[ChromeDriver: chrome on WINDOWS (df690067cb3bba0aa5c5c3e1c9b3598b)] -> link text: Log in]
2021-06-20 14:06:121 INFO  LoginPage :39 - Entering email address : kelly.paul609@yahoo.com to email field : [[ChromeDriver: chrome on WINDOWS (df690067cb3bba0aa5c5c3e1c9b3598b)] -> id: Email]
2021-06-20 14:06:286 INFO  LoginPage :45 - Entering password : abc1234 to password field : [[ChromeDriver: chrome on WINDOWS (df690067cb3bba0aa5c5c3e1c9b3598b)] -> id: Password]
2021-06-20 14:06:720 INFO  LoginPage :51 - Clicking on login button : Proxy element for: DefaultElementLocator 'By.xpath: //button[contains(text(),'Log in')]'
2021-06-20 14:06:863 INFO  LoginPage :75 - verify welcome store from : [[ChromeDriver: chrome on WINDOWS (df690067cb3bba0aa5c5c3e1c9b3598b)] -> xpath: //h2[contains(text(),'Welcome to our store')]]
2021-06-20 14:06:226 INFO  BasePage :31 - Launching Chrome Browser 
2021-06-20 14:06:362 INFO  HomePage :44 - Clicking on login link : [[ChromeDriver: chrome on WINDOWS (2adc590f80625a8d819e880bcd6ffef7)] -> link text: Log in]
2021-06-20 14:06:149 INFO  LoginPage :39 - Entering email address : kelly.paul@yahoo.com to email field : [[ChromeDriver: chrome on WINDOWS (2adc590f80625a8d819e880bcd6ffef7)] -> id: Email]
2021-06-20 14:06:347 INFO  LoginPage :45 - Entering password : abc1234 to password field : [[ChromeDriver: chrome on WINDOWS (2adc590f80625a8d819e880bcd6ffef7)] -> id: Password]
2021-06-20 14:06:244 INFO  LoginPage :51 - Clicking on login button : Proxy element for: DefaultElementLocator 'By.xpath: //button[contains(text(),'Log in')]'
2021-06-20 14:06:372 INFO  LoginPage :63 - Getting error text from : Proxy element for: DefaultElementLocator 'By.cssSelector: div.master-wrapper-page:nth-child(6) div.master-wrapper-content div.master-column-wrapper div.center-1 div.page.login-page div.page-body div.customer-blocks div.returning-wrapper.fieldset form:nth-child(1) > div.message-error.validation-summary-errors:nth-child(1)'
2021-06-20 14:06:175 INFO  BasePage :31 - Launching Chrome Browser 
2021-06-20 14:06:911 INFO  HomePage :44 - Clicking on login link : [[ChromeDriver: chrome on WINDOWS (064345fbb6801f04d0db19f6a424dcbb)] -> link text: Log in]
2021-06-20 14:06:670 INFO  LoginPage :39 - Entering email address : kelly.paul@yahoo.com to email field : [[ChromeDriver: chrome on WINDOWS (064345fbb6801f04d0db19f6a424dcbb)] -> id: Email]
2021-06-20 14:06:817 INFO  LoginPage :45 - Entering password : abc1234 to password field : [[ChromeDriver: chrome on WINDOWS (064345fbb6801f04d0db19f6a424dcbb)] -> id: Password]
2021-06-20 14:06:963 INFO  LoginPage :51 - Clicking on login button : Proxy element for: DefaultElementLocator 'By.xpath: //button[contains(text(),'Log in')]'
2021-06-20 14:06:43 INFO  LoginPage :63 - Getting error text from : Proxy element for: DefaultElementLocator 'By.cssSelector: div.master-wrapper-page:nth-child(6) div.master-wrapper-content div.master-column-wrapper div.center-1 div.page.login-page div.page-body div.customer-blocks div.returning-wrapper.fieldset form:nth-child(1) > div.message-error.validation-summary-errors:nth-child(1)'
2021-06-20 14:06:250 INFO  BasePage :31 - Launching Chrome Browser 
2021-06-20 14:06:802 INFO  HomePage :44 - Clicking on login link : [[ChromeDriver: chrome on WINDOWS (9141fc713e8f4c45153a68ef2a5efef8)] -> link text: Log in]
2021-06-20 14:06:614 INFO  LoginPage :39 - Entering email address : kelly.paul@yahoo.com to email field : [[ChromeDriver: chrome on WINDOWS (9141fc713e8f4c45153a68ef2a5efef8)] -> id: Email]
2021-06-20 14:06:767 INFO  LoginPage :45 - Entering password : abc1234 to password field : [[ChromeDriver: chrome on WINDOWS (9141fc713e8f4c45153a68ef2a5efef8)] -> id: Password]
2021-06-20 14:06:955 INFO  LoginPage :51 - Clicking on login button : Proxy element for: DefaultElementLocator 'By.xpath: //button[contains(text(),'Log in')]'
2021-06-20 14:06:544 INFO  LoginPage :63 - Getting error text from : Proxy element for: DefaultElementLocator 'By.cssSelector: div.master-wrapper-page:nth-child(6) div.master-wrapper-content div.master-column-wrapper div.center-1 div.page.login-page div.page-body div.customer-blocks div.returning-wrapper.fieldset form:nth-child(1) > div.message-error.validation-summary-errors:nth-child(1)'
2021-06-20 14:06:229 INFO  BasePage :31 - Launching Chrome Browser 
2021-06-20 15:06:866 INFO  HomePage :44 - Clicking on login link : [[ChromeDriver: chrome on WINDOWS (110f4b67e9ec22dcedcb78c92678b846)] -> link text: Log in]
2021-06-20 15:06:870 INFO  LoginPage :39 - Entering email address : kelly.paul@yahoo.com to email field : [[ChromeDriver: chrome on WINDOWS (110f4b67e9ec22dcedcb78c92678b846)] -> id: Email]
2021-06-20 15:06:118 INFO  LoginPage :45 - Entering password : Abc1234 to password field : [[ChromeDriver: chrome on WINDOWS (110f4b67e9ec22dcedcb78c92678b846)] -> id: Password]
2021-06-20 15:06:778 INFO  LoginPage :51 - Clicking on login button : [[ChromeDriver: chrome on WINDOWS (110f4b67e9ec22dcedcb78c92678b846)] -> xpath: //button[contains(text(),'Log in')]]
2021-06-20 15:06:333 INFO  LoginPage :63 - Getting error text from : [[ChromeDriver: chrome on WINDOWS (110f4b67e9ec22dcedcb78c92678b846)] -> css selector: div.master-wrapper-page:nth-child(6) div.master-wrapper-content div.master-column-wrapper div.center-1 div.page.login-page div.page-body div.customer-blocks div.returning-wrapper.fieldset form:nth-child(1) > div.message-error.validation-summary-errors:nth-child(1)]
2021-06-20 15:06:720 INFO  BasePage :31 - Launching Chrome Browser 
2021-06-20 15:06:352 INFO  HomePage :44 - Clicking on login link : [[ChromeDriver: chrome on WINDOWS (e1c9c4ca5d5c3585bacc8e594e62077f)] -> link text: Log in]
2021-06-20 15:06:113 INFO  LoginPage :39 - Entering email address : kelly.paul@yahoo.com to email field : [[ChromeDriver: chrome on WINDOWS (e1c9c4ca5d5c3585bacc8e594e62077f)] -> id: Email]
2021-06-20 15:06:278 INFO  LoginPage :45 - Entering password : Abc1234 to password field : [[ChromeDriver: chrome on WINDOWS (e1c9c4ca5d5c3585bacc8e594e62077f)] -> id: Password]
2021-06-20 15:06:935 INFO  LoginPage :51 - Clicking on login button : [[ChromeDriver: chrome on WINDOWS (e1c9c4ca5d5c3585bacc8e594e62077f)] -> xpath: //button[contains(text(),'Log in')]]
2021-06-20 15:06:481 INFO  LoginPage :63 - Getting error text from : [[ChromeDriver: chrome on WINDOWS (e1c9c4ca5d5c3585bacc8e594e62077f)] -> css selector: div.master-wrapper-page:nth-child(6) div.master-wrapper-content div.master-column-wrapper div.center-1 div.page.login-page div.page-body div.customer-blocks div.returning-wrapper.fieldset form:nth-child(1) > div.message-error.validation-summary-errors:nth-child(1)]
2021-06-20 15:06:666 INFO  BasePage :31 - Launching Chrome Browser 
2021-06-20 15:06:373 INFO  HomePage :44 - Clicking on login link : [[ChromeDriver: chrome on WINDOWS (ded63c80293c579d3db5f02e586bd0cb)] -> link text: Log in]
2021-06-20 15:06:360 INFO  LoginPage :39 - Entering email address : kelly.paul@yahoo.com to email field : [[ChromeDriver: chrome on WINDOWS (ded63c80293c579d3db5f02e586bd0cb)] -> id: Email]
2021-06-20 15:06:653 INFO  LoginPage :45 - Entering password : abc1234 to password field : [[ChromeDriver: chrome on WINDOWS (ded63c80293c579d3db5f02e586bd0cb)] -> id: Password]
2021-06-20 15:06:422 INFO  LoginPage :51 - Clicking on login button : Proxy element for: DefaultElementLocator 'By.xpath: //button[contains(text(),'Log in')]'
2021-06-20 15:06:33 INFO  BasePage :31 - Launching Chrome Browser 
2021-06-20 15:06:495 INFO  HomePage :44 - Clicking on login link : [[ChromeDriver: chrome on WINDOWS (9153c297f237bb8c28822e95cd595fd0)] -> link text: Log in]
2021-06-20 15:06:249 INFO  LoginPage :39 - Entering email address : lolla.paul@yahoo.com to email field : [[ChromeDriver: chrome on WINDOWS (9153c297f237bb8c28822e95cd595fd0)] -> id: Email]
2021-06-20 15:06:415 INFO  LoginPage :45 - Entering password : abc1234 to password field : [[ChromeDriver: chrome on WINDOWS (9153c297f237bb8c28822e95cd595fd0)] -> id: Password]
2021-06-20 15:06:503 INFO  LoginPage :51 - Clicking on login button : [[ChromeDriver: chrome on WINDOWS (9153c297f237bb8c28822e95cd595fd0)] -> xpath: //button[contains(text(),'Log in')]]
2021-06-20 15:06:48 INFO  LoginPage :63 - Getting error text from : [[ChromeDriver: chrome on WINDOWS (9153c297f237bb8c28822e95cd595fd0)] -> css selector: div.master-wrapper-page:nth-child(6) div.master-wrapper-content div.master-column-wrapper div.center-1 div.page.login-page div.page-body div.customer-blocks div.returning-wrapper.fieldset form:nth-child(1) > div.message-error.validation-summary-errors:nth-child(1)]
2021-06-21 00:06:835 INFO  BasePage :31 - Launching Chrome Browser 
2021-06-21 00:06:851 INFO  HomePage :44 - Clicking on login link : [[ChromeDriver: chrome on WINDOWS (d59de6287ff4ddd7d4f78190f3417996)] -> link text: Log in]
2021-06-21 00:06:908 INFO  LoginPage :56 - Getting text from : [[ChromeDriver: chrome on WINDOWS (d59de6287ff4ddd7d4f78190f3417996)] -> xpath: //div[@class='page-title']//h1]
2021-06-21 00:06:678 INFO  BasePage :31 - Launching Chrome Browser 
2021-06-21 00:06:341 INFO  HomePage :56 - Clicking on computer link : [[ChromeDriver: chrome on WINDOWS (dcae9d276d06743bce58703b0b8a27f5)] -> link text: Computers]
2021-06-21 00:06:694 INFO  ComputerPage :36 - Click on deskTop  link : [[ChromeDriver: chrome on WINDOWS (dcae9d276d06743bce58703b0b8a27f5)] -> link text: Desktops]
2021-06-21 00:06:740 INFO  ComputerPage :55 - verify deskTop text : [[ChromeDriver: chrome on WINDOWS (dcae9d276d06743bce58703b0b8a27f5)] -> xpath: //h1[contains(text(),'Desktops')]]
2021-06-21 00:06:205 INFO  BasePage :31 - Launching Chrome Browser 
2021-06-21 00:06:238 INFO  HomePage :50 - Clicking on login link : [[ChromeDriver: chrome on WINDOWS (6e7569c0bd8416bce76caf1d1560c691)] -> xpath: //a[@class='ico-register']]
2021-06-21 00:06:818 INFO  RegisterPage :39 - Getting text from : [[ChromeDriver: chrome on WINDOWS (6e7569c0bd8416bce76caf1d1560c691)] -> xpath: //h1[contains(text(),'Register')]]
